<?xml version="1.0" encoding="UTF-8"?>
<!-- Generated by org.testng.reporters.JUnitReportReporter -->
<testsuite hostname="DESKTOP-2IQJEQB" failures="0" tests="1" name="testng.facebook" time="6.684" errors="0" timestamp="2024-07-15T12:03:24 IST" skipped="0">
  <testcase classname="testng.facebook" name="sett" time="6.684"/>
  <system-out/>
</testsuite> <!-- testng.facebook -->
