<?xml version="1.0" encoding="UTF-8"?>
<!-- Generated by org.testng.reporters.JUnitReportReporter -->
<testsuite hostname="DESKTOP-2IQJEQB" failures="0" tests="1" name="seleniumpack.Logoverification" time="0.345" errors="0" timestamp="2024-07-22T09:58:27 IST" skipped="0">
  <testcase classname="seleniumpack.Logoverification" name="test" time="0.345"/>
  <system-out/>
</testsuite> <!-- seleniumpack.Logoverification -->
