<?xml version="1.0" encoding="UTF-8"?>
<!-- Generated by org.testng.reporters.JUnitReportReporter -->
<testsuite hostname="DESKTOP-2IQJEQB" failures="0" tests="1" name="testng.Rightclick" time="7.872" errors="0" timestamp="2024-07-11T10:26:47 IST" skipped="0">
  <testcase classname="testng.Rightclick" name="setup" time="7.872"/>
  <system-out/>
</testsuite> <!-- testng.Rightclick -->
