<?xml version="1.0" encoding="UTF-8"?>
<!-- Generated by org.testng.reporters.JUnitReportReporter -->
<testsuite hostname="DESKTOP-2IQJEQB" failures="0" tests="4" name="testng.Priorities" time="0.031" errors="0" timestamp="2024-07-09T10:48:46 IST" skipped="0">
  <testcase classname="testng.Priorities" name="test2" time="0.018"/>
  <system-out/>
  <testcase classname="testng.Priorities" name="test1" time="0.004"/>
  <system-out/>
  <testcase classname="testng.Priorities" name="test4" time="0.004"/>
  <system-out/>
  <testcase classname="testng.Priorities" name="test3" time="0.005"/>
  <system-out/>
</testsuite> <!-- testng.Priorities -->
