<?xml version="1.0" encoding="UTF-8"?>
<!-- Generated by org.testng.reporters.JUnitReportReporter -->
<testsuite hostname="DESKTOP-2IQJEQB" failures="0" tests="3" name="testng.crossbrowser" time="9.905" errors="0" timestamp="2024-07-12T10:58:44 IST" skipped="0">
  <testcase classname="testng.crossbrowser" name="sett" time="3.456"/>
  <system-out/>
  <testcase classname="testng.crossbrowser" name="sett" time="3.496"/>
  <system-out/>
  <testcase classname="testng.crossbrowser" name="sett" time="2.953"/>
  <system-out/>
</testsuite> <!-- testng.crossbrowser -->
