<?xml version="1.0" encoding="UTF-8"?>
<!-- Generated by org.testng.reporters.JUnitReportReporter -->
<testsuite hostname="DESKTOP-2IQJEQB" failures="0" tests="1" name="testng.Ebay" time="54.432" errors="0" timestamp="2024-07-11T11:43:38 IST" skipped="0">
  <testcase classname="testng.Ebay" name="set" time="54.432"/>
  <system-out/>
</testsuite> <!-- testng.Ebay -->
