<?xml version="1.0" encoding="UTF-8"?>
<!-- Generated by org.testng.reporters.JUnitReportReporter -->
<testsuite hostname="DESKTOP-2IQJEQB" failures="0" tests="1" name="seleniumpack.Wertyu" time="6.618" errors="0" timestamp="2024-07-29T17:58:47 IST" skipped="0">
  <testcase classname="seleniumpack.Wertyu" name="rr" time="6.618"/>
  <system-out/>
</testsuite> <!-- seleniumpack.Wertyu -->
