<?xml version="1.0" encoding="UTF-8"?>
<!-- Generated by org.testng.reporters.JUnitReportReporter -->
<testsuite hostname="DESKTOP-2IQJEQB" failures="0" tests="1" name="dummytest.Dummytest" time="13.466" errors="0" timestamp="2024-07-29T16:51:01 IST" skipped="0">
  <testcase classname="dummytest.Dummytest" name="test" time="13.466"/>
  <system-out/>
</testsuite> <!-- dummytest.Dummytest -->
