<?xml version="1.0" encoding="UTF-8"?>
<!-- Generated by org.testng.reporters.JUnitReportReporter -->
<testsuite hostname="DESKTOP-2IQJEQB" failures="0" tests="3" name="seleniumpack.Reporting" time="20.218" errors="0" timestamp="2024-07-23T10:35:08 IST" skipped="0">
  <testcase classname="seleniumpack.Reporting" name="email1" time="6.404"/>
  <system-out/>
  <testcase classname="seleniumpack.Reporting" name="logo" time="5.789"/>
  <system-out/>
  <testcase classname="seleniumpack.Reporting" name="title" time="8.025"/>
  <system-out/>
</testsuite> <!-- seleniumpack.Reporting -->
