<?xml version="1.0" encoding="UTF-8"?>
<!-- Generated by org.testng.reporters.JUnitReportReporter -->
<testsuite hostname="DESKTOP-2IQJEQB" failures="0" tests="2" name="testng.Dum" time="11.432" errors="0" timestamp="2024-07-29T17:09:57 IST" skipped="0">
  <testcase classname="testng.Dum" name="test2" time="6.572"/>
  <system-out/>
  <testcase classname="testng.Dum" name="test1" time="4.860"/>
  <system-out/>
</testsuite> <!-- testng.Dum -->
