<?xml version="1.0" encoding="UTF-8"?>
<!-- Generated by org.testng.reporters.JUnitReportReporter -->
<testsuite hostname="DESKTOP-2IQJEQB" failures="0" tests="2" name="testng.Grouping" time="0.018" errors="0" timestamp="2024-07-09T11:17:45 IST" skipped="0">
  <testcase classname="testng.Grouping" name="test1" time="0.016"/>
  <system-out/>
  <testcase classname="testng.Grouping" name="test2" time="0.002"/>
  <system-out/>
</testsuite> <!-- testng.Grouping -->
