<?xml version="1.0" encoding="UTF-8"?>
<!-- Generated by org.testng.reporters.JUnitReportReporter -->
<testsuite hostname="DESKTOP-2IQJEQB" failures="0" tests="1" name="test.createtest" time="5.620" errors="0" timestamp="2024-07-19T10:47:18 IST" skipped="0">
  <testcase classname="test.createtest" name="test2" time="5.620"/>
  <system-out/>
</testsuite> <!-- test.createtest -->
