<?xml version="1.0" encoding="UTF-8"?>
<!-- Generated by org.testng.reporters.JUnitReportReporter -->
<testsuite hostname="DESKTOP-2IQJEQB" failures="0" tests="1" name="testng.dropdowns" time="1.215" errors="0" timestamp="2024-07-20T13:05:37 IST" skipped="0">
  <testcase classname="testng.dropdowns" name="get" time="1.215"/>
  <system-out/>
</testsuite> <!-- testng.dropdowns -->
